[INFO ] 2023-04-20 01:31:48.190 [AWT-EventQueue-0] LoginPage - Student Service Advisor attempted to login
[INFO ] 2023-04-20 01:31:49.871 [AWT-EventQueue-0] LoginPage - Student Service Advisor logged in successfully
[INFO ] 2023-04-20 01:32:56.593 [AWT-EventQueue-0] LoginPage - Student Service Supervisor attempted to login
[INFO ] 2023-04-20 01:32:58.847 [AWT-EventQueue-0] LoginPage - Student Service Supervisor logged in successfully
[INFO ] 2023-04-20 10:26:55.432 [AWT-EventQueue-0] LoginPage - Student Service Supervisor attempted to login
[INFO ] 2023-04-20 10:26:57.430 [AWT-EventQueue-0] LoginPage - Unsuccessful login attempt by Student Service Supervisor
[INFO ] 2023-04-20 10:27:06.031 [AWT-EventQueue-0] LoginPage - Student Service Advisor attempted to login
[INFO ] 2023-04-20 10:27:07.828 [AWT-EventQueue-0] LoginPage - Student Service Advisor logged in successfully
[INFO ] 2023-04-20 12:23:58.957 [AWT-EventQueue-0] LoginPage - Student Service Supervisor attempted to login
[INFO ] 2023-04-20 12:24:03.424 [AWT-EventQueue-0] LoginPage - Unsuccessful login attempt by Student Service Supervisor
[INFO ] 2023-04-20 12:25:19.323 [AWT-EventQueue-0] LoginPage - Student Service Supervisor attempted to login
[INFO ] 2023-04-20 12:25:20.925 [AWT-EventQueue-0] LoginPage - Student Service Supervisor logged in successfully
[INFO ] 2023-04-20 12:25:37.210 [AWT-EventQueue-0] LoginPage - Student Service Supervisor attempted to login
[INFO ] 2023-04-20 12:25:38.268 [AWT-EventQueue-0] LoginPage - Student Service Supervisor logged in successfully
[INFO ] 2023-04-20 12:26:09.359 [AWT-EventQueue-0] LoginPage - Student attempted to login
[INFO ] 2023-04-20 12:26:11.350 [AWT-EventQueue-0] LoginPage - Student logged in successfully
[INFO ] 2023-04-20 13:59:11.974 [AWT-EventQueue-0] LoginPage - Student Service Supervisor attempted to login
[INFO ] 2023-04-20 13:59:13.629 [AWT-EventQueue-0] LoginPage - Unsuccessful login attempt by Student Service Supervisor
[INFO ] 2023-04-20 13:59:21.447 [AWT-EventQueue-0] LoginPage - Student Service Advisor attempted to login
[INFO ] 2023-04-20 13:59:22.675 [AWT-EventQueue-0] LoginPage - Student Service Advisor logged in successfully
[INFO ] 2023-04-20 14:00:25.725 [AWT-EventQueue-0] LoginPage - Student Service Advisor attempted to login
[INFO ] 2023-04-20 14:00:27.244 [AWT-EventQueue-0] LoginPage - Student Service Advisor logged in successfully
[INFO ] 2023-04-20 14:02:03.051 [AWT-EventQueue-0] LoginPage - Student Service Advisor attempted to login
[INFO ] 2023-04-20 14:02:05.229 [AWT-EventQueue-0] LoginPage - Student Service Advisor logged in successfully
[INFO ] 2023-04-20 14:04:07.718 [AWT-EventQueue-0] LoginPage - Student Service Advisor attempted to login
[INFO ] 2023-04-20 14:04:09.409 [AWT-EventQueue-0] LoginPage - Student Service Advisor logged in successfully
[INFO ] 2023-04-20 14:14:16.613 [AWT-EventQueue-0] LoginPage - Student Service Supervisor attempted to login
[INFO ] 2023-04-20 14:14:17.949 [AWT-EventQueue-0] LoginPage - Unsuccessful login attempt by Student Service Supervisor
[INFO ] 2023-04-20 14:14:24.277 [AWT-EventQueue-0] LoginPage - Student Service Advisor attempted to login
[INFO ] 2023-04-20 14:14:25.612 [AWT-EventQueue-0] LoginPage - Unsuccessful login attempt by Student Service Advisor
[INFO ] 2023-04-20 14:14:31.657 [AWT-EventQueue-0] LoginPage - Student attempted to login
[INFO ] 2023-04-20 14:14:32.840 [AWT-EventQueue-0] LoginPage - Unsuccessful login attempt by student
[INFO ] 2023-04-20 14:14:38.508 [AWT-EventQueue-0] LoginPage - Student Service Supervisor attempted to login
[INFO ] 2023-04-20 14:14:40.101 [AWT-EventQueue-0] LoginPage - Student Service Supervisor logged in successfully
[INFO ] 2023-04-20 14:22:40.554 [AWT-EventQueue-0] LoginPage - Student Service Advisor attempted to login
[INFO ] 2023-04-20 14:22:43.796 [AWT-EventQueue-0] LoginPage - Student Service Advisor logged in successfully
[INFO ] 2023-04-20 14:28:56.336 [AWT-EventQueue-0] LoginPage - Student Service Supervisor attempted to login
[INFO ] 2023-04-20 14:28:58.442 [AWT-EventQueue-0] LoginPage - Student Service Supervisor logged in successfully
[INFO ] 2023-04-20 14:36:48.899 [AWT-EventQueue-0] LoginPage - Student Service Advisor attempted to login
[INFO ] 2023-04-20 14:36:50.561 [AWT-EventQueue-0] LoginPage - Student Service Advisor logged in successfully
[INFO ] 2023-04-20 14:45:39.555 [AWT-EventQueue-0] LoginPage - Student Service Supervisor attempted to login
[INFO ] 2023-04-20 14:45:41.566 [AWT-EventQueue-0] LoginPage - Student Service Supervisor logged in successfully
[INFO ] 2023-04-20 14:47:16.757 [AWT-EventQueue-0] LoginPage - Student Service Supervisor attempted to login
[INFO ] 2023-04-20 14:47:18.410 [AWT-EventQueue-0] LoginPage - Student Service Supervisor logged in successfully
[INFO ] 2023-04-20 15:10:20.697 [AWT-EventQueue-0] LoginPage - Student Service Supervisor attempted to login
[INFO ] 2023-04-20 15:10:22.986 [AWT-EventQueue-0] LoginPage - Student Service Supervisor logged in successfully
[INFO ] 2023-04-20 15:26:01.228 [AWT-EventQueue-0] LoginPage - Student attempted to login
[INFO ] 2023-04-20 15:26:02.847 [AWT-EventQueue-0] LoginPage - Student logged in successfully
