[INFO ] 2023-04-08 23:14:07.323 [AWT-EventQueue-0] LoginPage - Student Logged in successfully
[INFO ] 2023-04-13 22:19:35.253 [AWT-EventQueue-0] LoginPage - Admin attempted to login
[INFO ] 2023-04-13 22:19:36.541 [AWT-EventQueue-0] LoginPage - Unsuccessful login attempt by administrator
[INFO ] 2023-04-13 22:20:22.719 [AWT-EventQueue-0] LoginPage - Student Logged in successfully
[INFO ] 2023-04-13 22:21:43.494 [AWT-EventQueue-0] LoginPage - User attempted to login Administrator
[INFO ] 2023-04-13 22:21:45.138 [AWT-EventQueue-0] LoginPage - Unsuccessful login attempt by administrator
[INFO ] 2023-04-13 22:22:02.693 [AWT-EventQueue-0] LoginPage - User attempted to login as student
[INFO ] 2023-04-13 22:22:04.195 [AWT-EventQueue-0] LoginPage - Student Logged in successfully
[INFO ] 2023-04-17 23:31:35.678 [AWT-EventQueue-0] LoginPage - User attempted to login Administrator
[INFO ] 2023-04-17 23:31:37.619 [AWT-EventQueue-0] LoginPage - Unsuccessful login attempt by administrator
[INFO ] 2023-04-17 23:45:05.403 [AWT-EventQueue-0] LoginPage - User attempted to login as an Advisor
[INFO ] 2023-04-17 23:45:52.588 [AWT-EventQueue-0] LoginPage - Advisor Logged in successfully
[INFO ] 2023-04-18 00:16:18.465 [AWT-EventQueue-0] LoginPage - User attempted to login as student
[INFO ] 2023-04-18 00:16:20.427 [AWT-EventQueue-0] LoginPage - Unsuccessful login attempt by student
[INFO ] 2023-04-18 00:19:27.508 [AWT-EventQueue-0] LoginPage - User attempted to login as student
[INFO ] 2023-04-18 00:19:29.262 [AWT-EventQueue-0] LoginPage - Unsuccessful login attempt by student
[INFO ] 2023-04-18 11:50:15.773 [AWT-EventQueue-0] LoginPage - User attempted to login as student
[INFO ] 2023-04-18 11:50:17.959 [AWT-EventQueue-0] LoginPage - Unsuccessful login attempt by student
[INFO ] 2023-04-18 11:50:18.967 [AWT-EventQueue-0] LoginPage - User attempted to login Supervisor
[INFO ] 2023-04-18 11:50:20.212 [AWT-EventQueue-0] LoginPage - Unsuccessful login attempt by Supervisor
[INFO ] 2023-04-18 11:50:21.096 [AWT-EventQueue-0] LoginPage - User attempted to login Supervisor
[INFO ] 2023-04-18 11:50:22.224 [AWT-EventQueue-0] LoginPage - Unsuccessful login attempt by Supervisor
[INFO ] 2023-04-18 11:53:54.269 [AWT-EventQueue-0] LoginPage - User attempted to login Supervisor
[INFO ] 2023-04-18 11:53:55.965 [AWT-EventQueue-0] LoginPage - Unsuccessful login attempt by Supervisor
[INFO ] 2023-04-18 11:54:06.921 [AWT-EventQueue-0] LoginPage - User attempted to login Supervisor
[INFO ] 2023-04-18 11:54:08.978 [AWT-EventQueue-0] LoginPage - Unsuccessful login attempt by Supervisor
[INFO ] 2023-04-18 11:57:58.356 [AWT-EventQueue-0] LoginPage - User attempted to login Supervisor
[INFO ] 2023-04-18 11:58:00.551 [AWT-EventQueue-0] LoginPage - Supervisor Logged in successfully
[INFO ] 2023-04-18 11:58:25.253 [AWT-EventQueue-0] LoginPage - User attempted to login Supervisor
[INFO ] 2023-04-18 11:58:27.286 [AWT-EventQueue-0] LoginPage - Supervisor Logged in successfully
[INFO ] 2023-04-18 12:01:17.314 [AWT-EventQueue-0] LoginPage - User attempted to login Supervisor
[INFO ] 2023-04-18 12:01:18.982 [AWT-EventQueue-0] LoginPage - Supervisor Logged in successfully
[INFO ] 2023-04-18 12:01:48.804 [AWT-EventQueue-0] LoginPage - User attempted to login Supervisor
[INFO ] 2023-04-18 12:01:52.884 [AWT-EventQueue-0] LoginPage - Supervisor Logged in successfully
[INFO ] 2023-04-18 12:02:23.593 [AWT-EventQueue-0] LoginPage - User attempted to login as student
[INFO ] 2023-04-18 12:02:25.779 [AWT-EventQueue-0] LoginPage - Unsuccessful login attempt by student
[INFO ] 2023-04-18 12:05:28.783 [AWT-EventQueue-0] LoginPage - User attempted to login Supervisor
[INFO ] 2023-04-18 12:05:30.196 [AWT-EventQueue-0] LoginPage - Supervisor Logged in successfully
[INFO ] 2023-04-18 12:07:44.107 [AWT-EventQueue-0] LoginPage - User attempted to login Supervisor
[INFO ] 2023-04-18 12:07:45.387 [AWT-EventQueue-0] LoginPage - Unsuccessful login attempt by Supervisor
[INFO ] 2023-04-18 12:07:54.955 [AWT-EventQueue-0] LoginPage - User attempted to login Supervisor
[INFO ] 2023-04-18 12:07:56.781 [AWT-EventQueue-0] LoginPage - Supervisor Logged in successfully
[INFO ] 2023-04-18 12:08:09.850 [AWT-EventQueue-0] LoginPage - User attempted to login as student
[INFO ] 2023-04-18 12:08:11.269 [AWT-EventQueue-0] LoginPage - Unsuccessful login attempt by student
[INFO ] 2023-04-18 12:08:17.287 [AWT-EventQueue-0] LoginPage - User attempted to login as student
[INFO ] 2023-04-18 12:08:18.432 [AWT-EventQueue-0] LoginPage - Unsuccessful login attempt by student
[INFO ] 2023-04-18 12:10:06.184 [AWT-EventQueue-0] LoginPage - User attempted to login as student
[INFO ] 2023-04-18 12:10:07.522 [AWT-EventQueue-0] LoginPage - Student Logged in successfully
[INFO ] 2023-04-18 12:11:12.074 [AWT-EventQueue-0] LoginPage - User attempted to login as student
[INFO ] 2023-04-18 12:11:13.571 [AWT-EventQueue-0] LoginPage - Student Logged in successfully
[INFO ] 2023-04-18 12:13:00.702 [AWT-EventQueue-0] LoginPage - Admin attempted to login
[INFO ] 2023-04-18 12:13:02.385 [AWT-EventQueue-0] LoginPage - Administrator Logged in successfully
[INFO ] 2023-04-18 12:18:49.919 [AWT-EventQueue-0] LoginPage - User attempted to login Supervisor
[INFO ] 2023-04-18 12:18:51.348 [AWT-EventQueue-0] LoginPage - Supervisor Logged in successfully
[INFO ] 2023-04-18 12:20:01.844 [AWT-EventQueue-0] LoginPage - User attempted to login Supervisor
[INFO ] 2023-04-18 12:20:03.228 [AWT-EventQueue-0] LoginPage - Supervisor Logged in successfully
[INFO ] 2023-04-18 12:20:38.211 [AWT-EventQueue-0] LoginPage - Unsuccessful login attempt by student
[INFO ] 2023-04-18 14:03:32.114 [AWT-EventQueue-0] LoginPage - Student Service Advisor Logged in successfully
[INFO ] 2023-04-18 14:06:47.472 [AWT-EventQueue-0] LoginPage - Admin attempted to login
[INFO ] 2023-04-18 14:06:49.160 [AWT-EventQueue-0] LoginPage - Administrator Logged in successfully
[INFO ] 2023-04-18 14:10:47.424 [AWT-EventQueue-0] LoginPage - Student attempted to login
[INFO ] 2023-04-18 14:10:48.894 [AWT-EventQueue-0] LoginPage - Unsuccessful login attempt by student
[INFO ] 2023-04-18 14:10:54.536 [AWT-EventQueue-0] LoginPage - Admin attempted to login
[INFO ] 2023-04-18 14:10:56.548 [AWT-EventQueue-0] LoginPage - Supervisor logged in successfully
[INFO ] 2023-04-18 14:45:17.812 [AWT-EventQueue-0] LoginPage - Student Service Advisor attempted to login
[INFO ] 2023-04-18 14:45:20.929 [AWT-EventQueue-0] LoginPage - Student Service Advisor logged in successfully
[INFO ] 2023-04-18 14:48:38.644 [AWT-EventQueue-0] LoginPage - Student Service Advisor attempted to login
[INFO ] 2023-04-18 14:48:39.902 [AWT-EventQueue-0] LoginPage - Student Service Advisor logged in successfully
[INFO ] 2023-04-18 14:49:04.962 [AWT-EventQueue-0] LoginPage - Student Service Supervisor attempted to login
[INFO ] 2023-04-18 14:49:06.549 [AWT-EventQueue-0] LoginPage - Supervisor logged in successfully
[INFO ] 2023-04-18 15:49:04.319 [AWT-EventQueue-0] LoginPage - Student Service Advisor attempted to login
[INFO ] 2023-04-18 15:49:05.794 [AWT-EventQueue-0] LoginPage - Student Service Advisor logged in successfully
[INFO ] 2023-04-18 15:54:43.251 [AWT-EventQueue-0] LoginPage - Student Service Supervisor attempted to login
[INFO ] 2023-04-18 15:54:44.690 [AWT-EventQueue-0] LoginPage - Supervisor logged in successfully
[INFO ] 2023-04-18 15:54:55.703 [AWT-EventQueue-0] LoginPage - Student attempted to login
[INFO ] 2023-04-18 15:54:56.796 [AWT-EventQueue-0] LoginPage - Unsuccessful login attempt by student
[INFO ] 2023-04-18 18:12:29.797 [AWT-EventQueue-0] LoginPage - Student Service Advisor attempted to login
[INFO ] 2023-04-18 18:12:31.423 [AWT-EventQueue-0] LoginPage - Student Service Advisor logged in successfully
[INFO ] 2023-04-18 18:15:35.809 [AWT-EventQueue-0] LoginPage - Student attempted to login
[INFO ] 2023-04-18 18:15:38.074 [AWT-EventQueue-0] LoginPage - Unsuccessful login attempt by student
[INFO ] 2023-04-18 18:15:50.031 [AWT-EventQueue-0] LoginPage - Student Service Supervisor attempted to login
[INFO ] 2023-04-18 18:15:51.701 [AWT-EventQueue-0] LoginPage - Supervisor logged in successfully
[INFO ] 2023-04-19 11:02:20.620 [AWT-EventQueue-0] LoginPage - Student Service Advisor attempted to login
[INFO ] 2023-04-19 11:02:22.452 [AWT-EventQueue-0] LoginPage - Student Service Advisor logged in successfully
